<?xml version="1.0" encoding="UTF-8"?>
<testng-results ignored="0" total="4" passed="4" failed="0" skipped="0">
  <reporter-output>
  </reporter-output>
  <suite started-at="2025-03-17T12:14:00 IST" name="Suite" finished-at="2025-03-17T12:14:00 IST" duration-ms="77">
    <groups>
    </groups>
    <test started-at="2025-03-17T12:14:00 IST" name="Test" finished-at="2025-03-17T12:14:00 IST" duration-ms="77">
      <class name="Pac2.OrgTest">
        <test-method signature="CreateOrgTest()[pri:0, instance:Pac2.OrgTest@197d671]" started-at="2025-03-17T12:14:00 IST" name="CreateOrgTest" finished-at="2025-03-17T12:14:00 IST" duration-ms="0" status="PASS">
          <reporter-output>
          </reporter-output>
        </test-method> <!-- CreateOrgTest -->
        <test-method signature="ModifyOrgTest()[pri:0, instance:Pac2.OrgTest@197d671]" started-at="2025-03-17T12:14:00 IST" name="ModifyOrgTest" finished-at="2025-03-17T12:14:00 IST" duration-ms="0" status="PASS">
          <reporter-output>
          </reporter-output>
        </test-method> <!-- ModifyOrgTest -->
      </class> <!-- Pac2.OrgTest -->
      <class name="Pac1.ContactTest">
        <test-method signature="createContactTest()[pri:0, instance:Pac1.ContactTest@290d210d]" started-at="2025-03-17T12:14:00 IST" name="createContactTest" finished-at="2025-03-17T12:14:00 IST" duration-ms="8" status="PASS">
          <reporter-output>
          </reporter-output>
        </test-method> <!-- createContactTest -->
        <test-method signature="modifyContactTest()[pri:0, instance:Pac1.ContactTest@290d210d]" started-at="2025-03-17T12:14:00 IST" name="modifyContactTest" finished-at="2025-03-17T12:14:00 IST" duration-ms="1" status="PASS">
          <reporter-output>
          </reporter-output>
        </test-method> <!-- modifyContactTest -->
      </class> <!-- Pac1.ContactTest -->
    </test> <!-- Test -->
  </suite> <!-- Suite -->
</testng-results>
