<?xml version="1.0" encoding="UTF-8"?>
<!-- Generated by org.testng.reporters.JUnitXMLReporter -->
<testsuite ignored="0" hostname="DESKTOP-5QTG87M" failures="0" tests="4" name="Surefire test" time="0.101" errors="0" timestamp="2025-03-17T11:12:07 IST">
  <testcase classname="Pac1.ContactTest" name="createContactTest" time="0.012"/>
  <testcase classname="Pac1.ContactTest" name="modifyContactTest" time="0.002"/>
  <testcase classname="Pac2.OrgTest" name="CreateOrgTest" time="0.003"/>
  <testcase classname="Pac2.OrgTest" name="ModifyOrgTest" time="0.004"/>
</testsuite> <!-- Surefire test -->
